Performing C SOURCE FILE Test CMAKE_HAVE_LIBC_PTHREAD failed with the following output:
Change Dir: /scratchfs/atlas/guofy/BeamTest2022/ecal_ana/Simulation/CEPCScECAL/build/CMakeFiles/CMakeTmp

Run Build Command(s):/usr/bin/gmake -f Makefile cmTC_3b257/fast && /usr/bin/gmake  -f CMakeFiles/cmTC_3b257.dir/build.make CMakeFiles/cmTC_3b257.dir/build
gmake[1]: 进入目录“/scratchfs/atlas/guofy/BeamTest2022/ecal_ana/Simulation/CEPCScECAL/build/CMakeFiles/CMakeTmp”
Building C object CMakeFiles/cmTC_3b257.dir/src.c.o
/cvmfs/sft.cern.ch/lcg/releases/gcc/11.1.0-e80bf/x86_64-centos7/bin/gcc -DCMAKE_HAVE_LIBC_PTHREAD   -o CMakeFiles/cmTC_3b257.dir/src.c.o -c /scratchfs/atlas/guofy/BeamTest2022/ecal_ana/Simulation/CEPCScECAL/build/CMakeFiles/CMakeTmp/src.c
Linking C executable cmTC_3b257
/cvmfs/sft.cern.ch/lcg/releases/CMake/3.20.0-790a8/x86_64-centos7-gcc11-opt/bin/cmake -E cmake_link_script CMakeFiles/cmTC_3b257.dir/link.txt --verbose=1
/cvmfs/sft.cern.ch/lcg/releases/gcc/11.1.0-e80bf/x86_64-centos7/bin/gcc CMakeFiles/cmTC_3b257.dir/src.c.o -o cmTC_3b257 
/cvmfs/sft.cern.ch/lcg/releases/binutils/2.36.1-a9696/x86_64-centos7/bin/ld: CMakeFiles/cmTC_3b257.dir/src.c.o: in function `main':
src.c:(.text+0x2d): undefined reference to `pthread_create'
/cvmfs/sft.cern.ch/lcg/releases/binutils/2.36.1-a9696/x86_64-centos7/bin/ld: src.c:(.text+0x39): undefined reference to `pthread_detach'
/cvmfs/sft.cern.ch/lcg/releases/binutils/2.36.1-a9696/x86_64-centos7/bin/ld: src.c:(.text+0x45): undefined reference to `pthread_cancel'
/cvmfs/sft.cern.ch/lcg/releases/binutils/2.36.1-a9696/x86_64-centos7/bin/ld: src.c:(.text+0x56): undefined reference to `pthread_join'
/cvmfs/sft.cern.ch/lcg/releases/binutils/2.36.1-a9696/x86_64-centos7/bin/ld: src.c:(.text+0x6a): undefined reference to `pthread_atfork'
collect2: error: ld returned 1 exit status
gmake[1]: *** [cmTC_3b257] 错误 1
gmake[1]: 离开目录“/scratchfs/atlas/guofy/BeamTest2022/ecal_ana/Simulation/CEPCScECAL/build/CMakeFiles/CMakeTmp”
gmake: *** [cmTC_3b257/fast] 错误 2


Source file was:
#include <pthread.h>

static void* test_func(void* data)
{
  return data;
}

int main(void)
{
  pthread_t thread;
  pthread_create(&thread, NULL, test_func, NULL);
  pthread_detach(thread);
  pthread_cancel(thread);
  pthread_join(thread, NULL);
  pthread_atfork(NULL, NULL, NULL);
  pthread_exit(NULL);

  return 0;
}

